<?xml version="1.0" encoding="UTF-8"?>
<!-- Generated by org.testng.reporters.JUnitReportReporter -->
<testsuite skipped="0" hostname="CMDC02WJR2" name="com.TestNgData.TestNgDataRead" tests="2" failures="0" timestamp="2020-03-23T14:15:37 GMT" time="45.593" errors="0">
  <testcase name="logintest" time="22.519" classname="com.TestNgData.TestNgDataRead"/>
  <system-out/>
  <testcase name="logintest" time="23.074" classname="com.TestNgData.TestNgDataRead"/>
  <system-out/>
</testsuite> <!-- com.TestNgData.TestNgDataRead -->
