<?xml version="1.0" encoding="UTF-8"?>
<!-- Generated by org.testng.reporters.JUnitReportReporter -->
<testsuite skipped="0" hostname="CMDC02WJR2" name="TestNgTest" tests="1" failures="0" timestamp="2020-03-17T12:11:49 GMT" time="24.426" errors="0">
  <testcase name="logintest" time="24.426" classname="TestNgTest"/>
  <system-out/>
</testsuite> <!-- TestNgTest -->
