<?xml version="1.0" encoding="UTF-8"?>
<!-- Generated by org.testng.reporters.JUnitReportReporter -->
<testsuite skipped="0" hostname="CMDC02WJR2" name="TestNgBasicTest" tests="2" failures="0" timestamp="2020-03-17T11:41:30 GMT" time="0.008" errors="0">
  <testcase name="LaunchTest" time="0.007" classname="TestNgBasicTest"/>
  <system-out/>
  <testcase name="SetUpTest" time="0.001" classname="TestNgBasicTest"/>
  <system-out/>
</testsuite> <!-- TestNgBasicTest -->
